<?xml version="1.0" encoding="UTF-8"?>
<coverage generated="1635601732738" clover="3.2.0">
  <project timestamp="1635601732738" name="All files">
    <metrics statements="4" coveredstatements="2" conditionals="1" coveredconditionals="0" methods="3" coveredmethods="1" elements="8" coveredelements="3" complexity="0" loc="4" ncloc="4" packages="1" files="1" classes="1"/>
    <file name="Dollar.ts" path="/home/rach/Documents/Code/Tests_ReactTS/Dollar.ts">
      <metrics statements="4" coveredstatements="2" conditionals="1" coveredconditionals="0" methods="3" coveredmethods="1"/>
      <line num="1" count="1" type="stmt"/>
      <line num="5" count="1" type="stmt"/>
      <line num="9" count="0" type="stmt"/>
      <line num="13" count="0" type="stmt"/>
    </file>
  </project>
</coverage>
