{"/home/rach/Documents/Code/Tests_ReactTS/Dollar.ts": {"path":"/home/rach/Documents/Code/Tests_ReactTS/Dollar.ts","statementMap":{"0":{"start":{"line":2,"column":4},"end":{"line":2,"column":null}},"1":{"start":{"line":5,"column":8},"end":{"line":5,"column":29}},"2":{"start":{"line":9,"column":8},"end":{"line":9,"column":null}},"3":{"start":{"line":1,"column":0},"end":{"line":1,"column":13}}},"fnMap":{"0":{"name":"(anonymous_0)","decl":{"start":{"line":4,"column":4},"end":{"line":4,"column":16}},"loc":{"start":{"line":4,"column":30},"end":{"line":6,"column":5}}},"1":{"name":"(anonymous_1)","decl":{"start":{"line":8,"column":11},"end":{"line":8,"column":16}},"loc":{"start":{"line":8,"column":36},"end":{"line":10,"column":5}}}},"branchMap":{},"s":{"0":4,"1":4,"2":3,"3":1},"f":{"0":4,"1":3},"b":{}}
}
